-------------------------------------------------------------------------------
Test set: no.hvl.dat109.ssp.SteinSaksPapirTest
-------------------------------------------------------------------------------
Tests run: 1, Failures: 1, Errors: 0, Skipped: 0, Time elapsed: 0.038 s <<< FAILURE! - in no.hvl.dat109.ssp.SteinSaksPapirTest
test  Time elapsed: 0.034 s  <<< FAILURE!
org.opentest4j.AssertionFailedError: Not yet implemented
	at no.hvl.dat109.ssp.SteinSaksPapirTest.test(SteinSaksPapirTest.java:16)

